Determining if the pthread_create exist failed with the following output:
Change Dir: /home/jyj/myslam/build/CMakeFiles/CMakeTmp

Run Build Command:"/usr/bin/make" "cmTC_eb018/fast"
/usr/bin/make -f CMakeFiles/cmTC_eb018.dir/build.make CMakeFiles/cmTC_eb018.dir/build
make[1]: Entering directory '/home/jyj/myslam/build/CMakeFiles/CMakeTmp'
Building C object CMakeFiles/cmTC_eb018.dir/CheckSymbolExists.c.o
/usr/bin/cc    -o CMakeFiles/cmTC_eb018.dir/CheckSymbolExists.c.o   -c /home/jyj/myslam/build/CMakeFiles/CMakeTmp/CheckSymbolExists.c
Linking C executable cmTC_eb018
/usr/bin/cmake -E cmake_link_script CMakeFiles/cmTC_eb018.dir/link.txt --verbose=1
/usr/bin/cc      -rdynamic CMakeFiles/cmTC_eb018.dir/CheckSymbolExists.c.o  -o cmTC_eb018 
CMakeFiles/cmTC_eb018.dir/CheckSymbolExists.c.o: In function `main':
CheckSymbolExists.c:(.text+0x1b): undefined reference to `pthread_create'
collect2: error: ld returned 1 exit status
CMakeFiles/cmTC_eb018.dir/build.make:97: recipe for target 'cmTC_eb018' failed
make[1]: *** [cmTC_eb018] Error 1
make[1]: Leaving directory '/home/jyj/myslam/build/CMakeFiles/CMakeTmp'
Makefile:126: recipe for target 'cmTC_eb018/fast' failed
make: *** [cmTC_eb018/fast] Error 2

File /home/jyj/myslam/build/CMakeFiles/CMakeTmp/CheckSymbolExists.c:
/* */
#include <pthread.h>

int main(int argc, char** argv)
{
  (void)argv;
#ifndef pthread_create
  return ((int*)(&pthread_create))[argc];
#else
  (void)argc;
  return 0;
#endif
}

Determining if the function pthread_create exists in the pthreads failed with the following output:
Change Dir: /home/jyj/myslam/build/CMakeFiles/CMakeTmp

Run Build Command:"/usr/bin/make" "cmTC_1a5e1/fast"
/usr/bin/make -f CMakeFiles/cmTC_1a5e1.dir/build.make CMakeFiles/cmTC_1a5e1.dir/build
make[1]: Entering directory '/home/jyj/myslam/build/CMakeFiles/CMakeTmp'
Building C object CMakeFiles/cmTC_1a5e1.dir/CheckFunctionExists.c.o
/usr/bin/cc   -DCHECK_FUNCTION_EXISTS=pthread_create   -o CMakeFiles/cmTC_1a5e1.dir/CheckFunctionExists.c.o   -c /usr/share/cmake-3.10/Modules/CheckFunctionExists.c
Linking C executable cmTC_1a5e1
/usr/bin/cmake -E cmake_link_script CMakeFiles/cmTC_1a5e1.dir/link.txt --verbose=1
/usr/bin/cc  -DCHECK_FUNCTION_EXISTS=pthread_create    -rdynamic CMakeFiles/cmTC_1a5e1.dir/CheckFunctionExists.c.o  -o cmTC_1a5e1 -lpthreads 
/usr/bin/ld: cannot find -lpthreads
collect2: error: ld returned 1 exit status
CMakeFiles/cmTC_1a5e1.dir/build.make:97: recipe for target 'cmTC_1a5e1' failed
make[1]: *** [cmTC_1a5e1] Error 1
make[1]: Leaving directory '/home/jyj/myslam/build/CMakeFiles/CMakeTmp'
Makefile:126: recipe for target 'cmTC_1a5e1/fast' failed
make: *** [cmTC_1a5e1/fast] Error 2


Determining if the Q_WS_WIN exist failed with the following output:
Change Dir: /home/jyj/myslam/build/CMakeFiles/CMakeTmp

Run Build Command:"/usr/bin/make" "cmTC_05a8e/fast"
/usr/bin/make -f CMakeFiles/cmTC_05a8e.dir/build.make CMakeFiles/cmTC_05a8e.dir/build
make[1]: Entering directory '/home/jyj/myslam/build/CMakeFiles/CMakeTmp'
Building CXX object CMakeFiles/cmTC_05a8e.dir/CheckSymbolExists.cxx.o
/usr/bin/c++   -I/usr/include/qt4   -o CMakeFiles/cmTC_05a8e.dir/CheckSymbolExists.cxx.o -c /home/jyj/myslam/build/CMakeFiles/CMakeTmp/CheckSymbolExists.cxx
/home/jyj/myslam/build/CMakeFiles/CMakeTmp/CheckSymbolExists.cxx: In function ‘int main(int, char**)’:
/home/jyj/myslam/build/CMakeFiles/CMakeTmp/CheckSymbolExists.cxx:8:19: error: ‘Q_WS_WIN’ was not declared in this scope
   return ((int*)(&Q_WS_WIN))[argc];
                   ^~~~~~~~
/home/jyj/myslam/build/CMakeFiles/CMakeTmp/CheckSymbolExists.cxx:8:19: note: suggested alternative: ‘Q_WS_X11’
   return ((int*)(&Q_WS_WIN))[argc];
                   ^~~~~~~~
                   Q_WS_X11
CMakeFiles/cmTC_05a8e.dir/build.make:65: recipe for target 'CMakeFiles/cmTC_05a8e.dir/CheckSymbolExists.cxx.o' failed
make[1]: *** [CMakeFiles/cmTC_05a8e.dir/CheckSymbolExists.cxx.o] Error 1
make[1]: Leaving directory '/home/jyj/myslam/build/CMakeFiles/CMakeTmp'
Makefile:126: recipe for target 'cmTC_05a8e/fast' failed
make: *** [cmTC_05a8e/fast] Error 2

File /home/jyj/myslam/build/CMakeFiles/CMakeTmp/CheckSymbolExists.cxx:
/* */
#include <QtCore/qglobal.h>

int main(int argc, char** argv)
{
  (void)argv;
#ifndef Q_WS_WIN
  return ((int*)(&Q_WS_WIN))[argc];
#else
  (void)argc;
  return 0;
#endif
}

Determining if the Q_WS_QWS exist failed with the following output:
Change Dir: /home/jyj/myslam/build/CMakeFiles/CMakeTmp

Run Build Command:"/usr/bin/make" "cmTC_e3c7e/fast"
/usr/bin/make -f CMakeFiles/cmTC_e3c7e.dir/build.make CMakeFiles/cmTC_e3c7e.dir/build
make[1]: Entering directory '/home/jyj/myslam/build/CMakeFiles/CMakeTmp'
Building CXX object CMakeFiles/cmTC_e3c7e.dir/CheckSymbolExists.cxx.o
/usr/bin/c++   -I/usr/include/qt4   -o CMakeFiles/cmTC_e3c7e.dir/CheckSymbolExists.cxx.o -c /home/jyj/myslam/build/CMakeFiles/CMakeTmp/CheckSymbolExists.cxx
/home/jyj/myslam/build/CMakeFiles/CMakeTmp/CheckSymbolExists.cxx: In function ‘int main(int, char**)’:
/home/jyj/myslam/build/CMakeFiles/CMakeTmp/CheckSymbolExists.cxx:8:19: error: ‘Q_WS_QWS’ was not declared in this scope
   return ((int*)(&Q_WS_QWS))[argc];
                   ^~~~~~~~
/home/jyj/myslam/build/CMakeFiles/CMakeTmp/CheckSymbolExists.cxx:8:19: note: suggested alternative: ‘Q_WS_X11’
   return ((int*)(&Q_WS_QWS))[argc];
                   ^~~~~~~~
                   Q_WS_X11
CMakeFiles/cmTC_e3c7e.dir/build.make:65: recipe for target 'CMakeFiles/cmTC_e3c7e.dir/CheckSymbolExists.cxx.o' failed
make[1]: *** [CMakeFiles/cmTC_e3c7e.dir/CheckSymbolExists.cxx.o] Error 1
make[1]: Leaving directory '/home/jyj/myslam/build/CMakeFiles/CMakeTmp'
Makefile:126: recipe for target 'cmTC_e3c7e/fast' failed
make: *** [cmTC_e3c7e/fast] Error 2

File /home/jyj/myslam/build/CMakeFiles/CMakeTmp/CheckSymbolExists.cxx:
/* */
#include <QtCore/qglobal.h>

int main(int argc, char** argv)
{
  (void)argv;
#ifndef Q_WS_QWS
  return ((int*)(&Q_WS_QWS))[argc];
#else
  (void)argc;
  return 0;
#endif
}

Determining if the Q_WS_MAC exist failed with the following output:
Change Dir: /home/jyj/myslam/build/CMakeFiles/CMakeTmp

Run Build Command:"/usr/bin/make" "cmTC_192e6/fast"
/usr/bin/make -f CMakeFiles/cmTC_192e6.dir/build.make CMakeFiles/cmTC_192e6.dir/build
make[1]: Entering directory '/home/jyj/myslam/build/CMakeFiles/CMakeTmp'
Building CXX object CMakeFiles/cmTC_192e6.dir/CheckSymbolExists.cxx.o
/usr/bin/c++   -I/usr/include/qt4   -o CMakeFiles/cmTC_192e6.dir/CheckSymbolExists.cxx.o -c /home/jyj/myslam/build/CMakeFiles/CMakeTmp/CheckSymbolExists.cxx
/home/jyj/myslam/build/CMakeFiles/CMakeTmp/CheckSymbolExists.cxx: In function ‘int main(int, char**)’:
/home/jyj/myslam/build/CMakeFiles/CMakeTmp/CheckSymbolExists.cxx:8:19: error: ‘Q_WS_MAC’ was not declared in this scope
   return ((int*)(&Q_WS_MAC))[argc];
                   ^~~~~~~~
/home/jyj/myslam/build/CMakeFiles/CMakeTmp/CheckSymbolExists.cxx:8:19: note: suggested alternative: ‘Q_WS_X11’
   return ((int*)(&Q_WS_MAC))[argc];
                   ^~~~~~~~
                   Q_WS_X11
CMakeFiles/cmTC_192e6.dir/build.make:65: recipe for target 'CMakeFiles/cmTC_192e6.dir/CheckSymbolExists.cxx.o' failed
make[1]: *** [CMakeFiles/cmTC_192e6.dir/CheckSymbolExists.cxx.o] Error 1
make[1]: Leaving directory '/home/jyj/myslam/build/CMakeFiles/CMakeTmp'
Makefile:126: recipe for target 'cmTC_192e6/fast' failed
make: *** [cmTC_192e6/fast] Error 2

File /home/jyj/myslam/build/CMakeFiles/CMakeTmp/CheckSymbolExists.cxx:
/* */
#include <QtCore/qglobal.h>

int main(int argc, char** argv)
{
  (void)argv;
#ifndef Q_WS_MAC
  return ((int*)(&Q_WS_MAC))[argc];
#else
  (void)argc;
  return 0;
#endif
}

